<?xml version="1.0" encoding="UTF-8"?>
<testsuite xmlns:xsi="http://www.w3.org/2001/XMLSchema-instance" xsi:noNamespaceSchemaLocation="https://maven.apache.org/surefire/maven-surefire-plugin/xsd/surefire-test-report-3.0.xsd" version="3.0" name="TestSuite" time="55.116" tests="2" errors="0" skipped="0" failures="0">
  <properties>
[...]
</properties>
  <testcase name="runScenario[&quot;Verify Login with Password functionality&quot;, &quot;Optional[Verify Login and sign up module with SignUp for Doctor,Chemist and Student, verify login with OTP and Password, ForgotPassword,Resend OTP,changepassword functionality and Quicklinks verification, Homepage Nonloggedin user access.]&quot;](1)" classname="com.example.TestRunner.TestngTestRunnerTest" time="14.696">
    <system-out><![CDATA[
Scenario Outline: Verify Login with Password functionality                                &amp#27;[90m# feature/01Login.feature:17&amp#27;[0m
  &amp#27;[32mGiven &amp#27;[0m&amp#27;[32mValidate the browser&amp#27;[0m                                                              &amp#27;[90m# com.example.StepDefinitions.SignupLoginSteps.validate_the_browser()&amp#27;[0m
  &amp#27;[32mGiven &amp#27;[0m&amp#27;[32mUser should be able to click on signup icon and verify the user is on signup page&amp#27;[0m &amp#27;[90m# com.example.StepDefinitions.SignupLoginSteps.user_should_be_able_to_click_on_signup_icon()&amp#27;[0m
  &amp#27;[32mWhen &amp#27;[0m&amp#27;[32mUser clicks on I already have an account&amp#27;[0m                                           &amp#27;[90m# com.example.StepDefinitions.SignupLoginSteps.user_clicks_on_i_already_have_an_account()&amp#27;[0m
  &amp#27;[32mThen &amp#27;[0m&amp#27;[32mUser clicks on Login with Password button&amp#27;[0m                                          &amp#27;[90m# com.example.StepDefinitions.SignupLoginSteps.user_clicks_on_login_with_password_button()&amp#27;[0m
  &amp#27;[32mWhen &amp#27;[0m&amp#27;[32muser enters the mobile number as &amp#27;[0m&amp#27;[32m&amp#27;[1m8530906851&amp#27;[0m&amp#27;[32m mobile number&amp#27;[0m                          &amp#27;[90m# com.example.StepDefinitions.SignupLoginSteps.user_enters_the_mobile_number_as_mobile_number(java.lang.String)&amp#27;[0m
  &amp#27;[32mWhen &amp#27;[0m&amp#27;[32muser enters the password as &amp#27;[0m&amp#27;[32m&amp#27;[1mTest@123&amp#27;[0m&amp#27;[32m password&amp#27;[0m                                      &amp#27;[90m# com.example.StepDefinitions.SignupLoginSteps.user_enters_the_password_as_password(java.lang.String)&amp#27;[0m
  &amp#27;[32mThen &amp#27;[0m&amp#27;[32mUser clicks on proceed button&amp#27;[0m                                                      &amp#27;[90m# com.example.StepDefinitions.SignupLoginSteps.user_clicks_on_proceed_button()&amp#27;[0m
  &amp#27;[32mThen &amp#27;[0m&amp#27;[32mcloses the browser&amp#27;[0m                                                                 &amp#27;[90m# com.example.StepDefinitions.SignupLoginSteps.closes_the_browser()&amp#27;[0m
]]></system-out>
    <system-err><![CDATA[[main] INFO io.github.bonigarcia.wdm.WebDriverManager - Using chromedriver 113.0.5672.63 (resolved driver for Chrome 113)
[main] INFO io.github.bonigarcia.wdm.WebDriverManager - Exporting webdriver.chrome.driver as C:\Users\bhattjan\.cache\selenium\chromedriver\win32\113.0.5672.63\chromedriver.exe
Starting ChromeDriver 113.0.5672.63 (0e1a4471d5ae5bf128b1bd8f4d627c8cbd55f70c-refs/branch-heads/5672@{#912}) on port 41217
Only local connections are allowed.
Please see https://chromedriver.chromium.org/security-considerations for suggestions on keeping ChromeDriver safe.
ChromeDriver was started successfully.
Jun 05, 2023 2:33:02 PM org.openqa.selenium.devtools.CdpVersionFinder findNearestMatch
WARNING: Unable to find an exact match for CDP version 113, so returning the closest version found: 111
]]></system-err>
  </testcase>
  <testcase name="runScenario[&quot;Verify login with otp functionality&quot;, &quot;Optional[Verify Login and sign up module with SignUp for Doctor,Chemist and Student, verify login with OTP and Password, ForgotPassword,Resend OTP,changepassword functionality and Quicklinks verification, Homepage Nonloggedin user access.]&quot;](2)" classname="com.example.TestRunner.TestngTestRunnerTest" time="38.835">
    <system-out><![CDATA[
Scenario Outline: Verify login with otp functionality                                     &amp#27;[90m# feature/01Login.feature:31&amp#27;[0m
  &amp#27;[32mGiven &amp#27;[0m&amp#27;[32mValidate the browser&amp#27;[0m                                                              &amp#27;[90m# com.example.StepDefinitions.SignupLoginSteps.validate_the_browser()&amp#27;[0m
  &amp#27;[32mGiven &amp#27;[0m&amp#27;[32mUser should be able to click on signup icon and verify the user is on signup page&amp#27;[0m &amp#27;[90m# com.example.StepDefinitions.SignupLoginSteps.user_should_be_able_to_click_on_signup_icon()&amp#27;[0m
  &amp#27;[32mWhen &amp#27;[0m&amp#27;[32mUser clicks on I already have an account&amp#27;[0m                                           &amp#27;[90m# com.example.StepDefinitions.SignupLoginSteps.user_clicks_on_i_already_have_an_account()&amp#27;[0m
  &amp#27;[32mGiven &amp#27;[0m&amp#27;[32mUser should be able to enter the number&amp#27;[0m&amp#27;[32m&amp#27;[1m8530906851&amp#27;[0m&amp#27;[32m mobile number&amp#27;[0m                   &amp#27;[90m# com.example.StepDefinitions.SignupLoginSteps.user_should_be_able_to_enter_the_number_mobile_number(java.lang.String)&amp#27;[0m
  &amp#27;[32mGiven &amp#27;[0m&amp#27;[32mUser should be able to click the get otp &amp#27;[0m&amp#27;[32m&amp#27;[1m1&amp#27;[0m&amp#27;[32m &amp#27;[0m&amp#27;[32m&amp#27;[1m2&amp#27;[0m&amp#27;[32m &amp#27;[0m&amp#27;[32m&amp#27;[1m3&amp#27;[0m&amp#27;[32m &amp#27;[0m&amp#27;[32m&amp#27;[1m4&amp#27;[0m                                  &amp#27;[90m# com.example.StepDefinitions.SignupLoginSteps.user_should_be_able_to_click_the_get_otp(java.lang.String,java.lang.String,java.lang.String,java.lang.String)&amp#27;[0m
  &amp#27;[32mThen &amp#27;[0m&amp#27;[32mUser should be able to click on proceed button&amp#27;[0m                                     &amp#27;[90m# com.example.StepDefinitions.SignupLoginSteps.user_should_be_able_to_click_on_proceed_button()&amp#27;[0m
  &amp#27;[32mWhen &amp#27;[0m&amp#27;[32mUser should be able to verify Buy Medicine menu&amp#27;[0m                                    &amp#27;[90m# com.example.StepDefinitions.SignupLoginSteps.user_should_be_able_to_verify_buy_medicine_menu()&amp#27;[0m
  &amp#27;[32mThen &amp#27;[0m&amp#27;[32mcloses the browser&amp#27;[0m                                                                 &amp#27;[90m# com.example.StepDefinitions.SignupLoginSteps.closes_the_browser()&amp#27;[0m
]]></system-out>
    <system-err><![CDATA[[main] INFO io.github.bonigarcia.wdm.WebDriverManager - Using chromedriver 113.0.5672.63 (resolved driver for Chrome 113)
[main] INFO io.github.bonigarcia.wdm.WebDriverManager - Exporting webdriver.chrome.driver as C:\Users\bhattjan\.cache\selenium\chromedriver\win32\113.0.5672.63\chromedriver.exe
Starting ChromeDriver 113.0.5672.63 (0e1a4471d5ae5bf128b1bd8f4d627c8cbd55f70c-refs/branch-heads/5672@{#912}) on port 9597
Only local connections are allowed.
Please see https://chromedriver.chromium.org/security-considerations for suggestions on keeping ChromeDriver safe.
ChromeDriver was started successfully.
Jun 05, 2023 2:33:15 PM org.openqa.selenium.devtools.CdpVersionFinder findNearestMatch
WARNING: Unable to find an exact match for CDP version 113, so returning the closest version found: 111
]]></system-err>
  </testcase>
</testsuite>