<?xml version="1.0" encoding="UTF-8"?>
<testng-results ignored="0" total="2" passed="2" failed="0" skipped="0">
  <reporter-output>
  </reporter-output>
  <suite started-at="2023-06-05T14:32:57 IST" name="NS Web Suite" finished-at="2023-06-05T14:33:51 IST" duration-ms="54234">
    <groups>
      <group name="cucumber">
        <method signature="AbstractTestNGCucumberTests.runScenario(io.cucumber.testng.PickleWrapper,io.cucumber.testng.FeatureWrapper)[pri:0, instance:com.example.TestRunner.TestngTestRunnerTest@909217e]" name="runScenario" class="io.cucumber.testng.AbstractTestNGCucumberTests"/>
      </group> <!-- cucumber -->
    </groups>
    <test started-at="2023-06-05T14:32:57 IST" name="RegressionSuite" finished-at="2023-06-05T14:33:51 IST" duration-ms="54234">
      <class name="com.example.TestRunner.TestngTestRunnerTest">
        <test-method is-config="true" signature="setUpClass(org.testng.ITestContext)[pri:0, instance:com.example.TestRunner.TestngTestRunnerTest@909217e]" started-at="2023-06-05T14:32:57 IST" name="setUpClass" finished-at="2023-06-05T14:32:57 IST" duration-ms="446" status="PASS">
          <params>
            <param index="0">
              <value>
                <![CDATA[org.testng.TestRunner@5f6e2ad9]]>
              </value>
            </param>
          </params>
          <reporter-output>
          </reporter-output>
        </test-method> <!-- setUpClass -->
        <test-method signature="runScenario(io.cucumber.testng.PickleWrapper,io.cucumber.testng.FeatureWrapper)[pri:0, instance:com.example.TestRunner.TestngTestRunnerTest@909217e]" started-at="2023-06-05T14:32:57 IST" name="runScenario" description="Runs Cucumber Scenarios" data-provider="scenarios" finished-at="2023-06-05T14:33:12 IST" duration-ms="14694" status="PASS">
          <params>
            <param index="0">
              <value>
                <![CDATA["Verify Login with Password functionality"]]>
              </value>
            </param>
            <param index="1">
              <value>
                <![CDATA["Optional[Verify Login and sign up module with SignUp for Doctor,Chemist and Student, verify login with OTP and Password, ForgotPassword,Resend OTP,changepassword functionality and Quicklinks verification, Homepage Nonloggedin user access.]"]]>
              </value>
            </param>
          </params>
          <reporter-output>
          </reporter-output>
        </test-method> <!-- runScenario -->
        <test-method signature="runScenario(io.cucumber.testng.PickleWrapper,io.cucumber.testng.FeatureWrapper)[pri:0, instance:com.example.TestRunner.TestngTestRunnerTest@909217e]" started-at="2023-06-05T14:33:12 IST" name="runScenario" description="Runs Cucumber Scenarios" data-provider="scenarios" finished-at="2023-06-05T14:33:51 IST" duration-ms="38839" status="PASS">
          <params>
            <param index="0">
              <value>
                <![CDATA["Verify login with otp functionality"]]>
              </value>
            </param>
            <param index="1">
              <value>
                <![CDATA["Optional[Verify Login and sign up module with SignUp for Doctor,Chemist and Student, verify login with OTP and Password, ForgotPassword,Resend OTP,changepassword functionality and Quicklinks verification, Homepage Nonloggedin user access.]"]]>
              </value>
            </param>
          </params>
          <reporter-output>
          </reporter-output>
        </test-method> <!-- runScenario -->
        <test-method is-config="true" signature="tearDownClass()[pri:0, instance:com.example.TestRunner.TestngTestRunnerTest@909217e]" started-at="2023-06-05T14:33:51 IST" name="tearDownClass" finished-at="2023-06-05T14:33:51 IST" duration-ms="225" status="PASS">
          <reporter-output>
          </reporter-output>
        </test-method> <!-- tearDownClass -->
      </class> <!-- com.example.TestRunner.TestngTestRunnerTest -->
    </test> <!-- RegressionSuite -->
  </suite> <!-- NS Web Suite -->
</testng-results>
