<?xml version="1.0" encoding="UTF-8"?>
<!-- Generated by org.testng.reporters.JUnitXMLReporter -->
<testsuite ignored="0" hostname="svt-laptop-72" failures="0" tests="2" name="RegressionSuite" time="54.234" errors="0" timestamp="2023-06-05T14:33:51 IST">
  <testcase classname="io.cucumber.testng.AbstractTestNGCucumberTests" name="runScenario" time="14.694"/>
  <testcase classname="io.cucumber.testng.AbstractTestNGCucumberTests" name="runScenario" time="38.839"/>
</testsuite> <!-- RegressionSuite -->
